<?xml version="1.0" encoding="UTF-8"?>
<testsuite xmlns:xsi="http://www.w3.org/2001/XMLSchema-instance" xsi:noNamespaceSchemaLocation="https://maven.apache.org/surefire/maven-surefire-plugin/xsd/surefire-test-report-3.0.xsd" version="3.0" name="com.example.UserTest" time="0.158" tests="4" errors="0" skipped="0" failures="0">
  <properties>
[...]
</properties>
  <testcase name="testAgeVerification" classname="com.example.UserTest" time="0.022">
    <system-err><![CDATA[Minimum age: 18 required for registration.
]]></system-err>
  </testcase>
  <testcase name="testRegisterUser" classname="com.example.UserTest" time="0.0">
    <system-out><![CDATA[User: Ant1 created successfully
]]></system-out>
  </testcase>
  <testcase name="testRegisteredUsers" classname="com.example.UserTest" time="0.001">
    <system-out><![CDATA[User: Ant1 created successfully
User: Ant2 created successfully
]]></system-out>
  </testcase>
  <testcase name="testLoginLogoutUser" classname="com.example.UserTest" time="0.001">
    <system-out><![CDATA[User: Ant1 created successfully
Ant1 has logged in
Ant1 has logged out
]]></system-out>
  </testcase>
</testsuite>